# JRE version: Java(TM) SE Runtime Environment (13.0.2+8) (build 13.0.2+8)
# Java VM: Java HotSpot(TM) 64-Bit Server VM (13.0.2+8, mixed mode, sharing, tiered, compressed oops, g1 gc, windows-amd64)
Heap:
 garbage-first heap   total 59392K, used 30140K [0x0000000081c00000, 0x0000000100000000)
  region size 1024K, 10 young (10240K), 1 survivors (1024K)
 Metaspace       used 45504K, capacity 46684K, committed 46876K, reserved 1089536K
  class space    used 5975K, capacity 6441K, committed 6528K, reserved 1048576K
GC Heap History (20 events):
Event: 6.150 GC heap before
{Heap before GC invocations=13 (full 0):
 garbage-first heap   total 40960K, used 29667K [0x0000000081c00000, 0x0000000100000000)
  region size 1024K, 18 young (18432K), 2 survivors (2048K)
 Metaspace       used 27762K, capacity 28667K, committed 28976K, reserved 1075200K
  class space    used 3524K, capacity 3878K, committed 3968K, reserved 1048576K
}
Event: 6.153 GC heap after
{Heap after GC invocations=14 (full 0):
 garbage-first heap   total 40960K, used 14328K [0x0000000081c00000, 0x0000000100000000)
  region size 1024K, 2 young (2048K), 2 survivors (2048K)
 Metaspace       used 27762K, capacity 28667K, committed 28976K, reserved 1075200K
  class space    used 3524K, capacity 3878K, committed 3968K, reserved 1048576K
}
Event: 6.500 GC heap before
{Heap before GC invocations=14 (full 0):
 garbage-first heap   total 40960K, used 29688K [0x0000000081c00000, 0x0000000100000000)
  region size 1024K, 18 young (18432K), 2 survivors (2048K)
 Metaspace       used 28740K, capacity 29725K, committed 29872K, reserved 1075200K
  class space    used 3645K, capacity 3996K, committed 4096K, reserved 1048576K
}
Event: 6.504 GC heap after
{Heap after GC invocations=15 (full 0):
 garbage-first heap   total 40960K, used 14674K [0x0000000081c00000, 0x0000000100000000)
  region size 1024K, 2 young (2048K), 2 survivors (2048K)
 Metaspace       used 28740K, capacity 29725K, committed 29872K, reserved 1075200K
  class space    used 3645K, capacity 3996K, committed 4096K, reserved 1048576K
}
Event: 7.196 GC heap before
{Heap before GC invocations=15 (full 0):
 garbage-first heap   total 40960K, used 31058K [0x0000000081c00000, 0x0000000100000000)
  region size 1024K, 18 young (18432K), 2 survivors (2048K)
 Metaspace       used 32308K, capacity 33253K, committed 33456K, reserved 1079296K
  class space    used 4212K, capacity 4554K, committed 4608K, reserved 1048576K
}
Event: 7.200 GC heap after
{Heap after GC invocations=16 (full 0):
 garbage-first heap   total 40960K, used 15433K [0x0000000081c00000, 0x0000000100000000)
  region size 1024K, 3 young (3072K), 3 survivors (3072K)
 Metaspace       used 32308K, capacity 33253K, committed 33456K, reserved 1079296K
  class space    used 4212K, capacity 4554K, committed 4608K, reserved 1048576K
}
Event: 7.680 GC heap before
{Heap before GC invocations=16 (full 0):
 garbage-first heap   total 40960K, used 25673K [0x0000000081c00000, 0x0000000100000000)
  region size 1024K, 14 young (14336K), 3 survivors (3072K)
 Metaspace       used 34902K, capacity 35829K, committed 35888K, reserved 1081344K
  class space    used 4635K, capacity 4964K, committed 4992K, reserved 1048576K
}
Event: 7.686 GC heap after
{Heap after GC invocations=17 (full 0):
 garbage-first heap   total 49152K, used 16185K [0x0000000081c00000, 0x0000000100000000)
  region size 1024K, 3 young (3072K), 3 survivors (3072K)
 Metaspace       used 34902K, capacity 35829K, committed 35888K, reserved 1081344K
  class space    used 4635K, capacity 4964K, committed 4992K, reserved 1048576K
}
Event: 8.287 GC heap before
{Heap before GC invocations=18 (full 0):
 garbage-first heap   total 49152K, used 36665K [0x0000000081c00000, 0x0000000100000000)
  region size 1024K, 23 young (23552K), 3 survivors (3072K)
 Metaspace       used 39754K, capacity 40772K, committed 40860K, reserved 1085440K
  class space    used 5203K, capacity 5588K, committed 5632K, reserved 1048576K
}
Event: 8.295 GC heap after
{Heap after GC invocations=19 (full 0):
 garbage-first heap   total 49152K, used 18415K [0x0000000081c00000, 0x0000000100000000)
  region size 1024K, 3 young (3072K), 3 survivors (3072K)
 Metaspace       used 39754K, capacity 40772K, committed 40860K, reserved 1085440K
  class space    used 5203K, capacity 5588K, committed 5632K, reserved 1048576K
}
Event: 8.881 GC heap before
{Heap before GC invocations=20 (full 0):
 garbage-first heap   total 49152K, used 36847K [0x0000000081c00000, 0x0000000100000000)
  region size 1024K, 21 young (21504K), 3 survivors (3072K)
 Metaspace       used 41881K, capacity 42955K, committed 43164K, reserved 1087488K
  class space    used 5492K, capacity 5888K, committed 5888K, reserved 1048576K
}
Event: 8.891 GC heap after
{Heap after GC invocations=21 (full 0):
 garbage-first heap   total 49152K, used 20127K [0x0000000081c00000, 0x0000000100000000)
  region size 1024K, 2 young (2048K), 2 survivors (2048K)
 Metaspace       used 41881K, capacity 42955K, committed 43164K, reserved 1087488K
  class space    used 5492K, capacity 5888K, committed 5888K, reserved 1048576K
}
Event: 9.375 GC heap before
{Heap before GC invocations=21 (full 0):
 garbage-first heap   total 49152K, used 36511K [0x0000000081c00000, 0x0000000100000000)
  region size 1024K, 19 young (19456K), 2 survivors (2048K)
 Metaspace       used 43632K, capacity 44761K, committed 44956K, reserved 1087488K
  class space    used 5718K, capacity 6139K, committed 6144K, reserved 1048576K
}
Event: 9.381 GC heap after
{Heap after GC invocations=22 (full 0):
 garbage-first heap   total 49152K, used 21275K [0x0000000081c00000, 0x0000000100000000)
  region size 1024K, 3 young (3072K), 3 survivors (3072K)
 Metaspace       used 43632K, capacity 44761K, committed 44956K, reserved 1087488K
  class space    used 5718K, capacity 6139K, committed 6144K, reserved 1048576K
}
Event: 64.329 GC heap before
{Heap before GC invocations=22 (full 0):
 garbage-first heap   total 49152K, used 37659K [0x0000000081c00000, 0x0000000100000000)
  region size 1024K, 19 young (19456K), 3 survivors (3072K)
 Metaspace       used 45361K, capacity 46556K, committed 46876K, reserved 1089536K
  class space    used 5975K, capacity 6441K, committed 6528K, reserved 1048576K
}
Event: 64.335 GC heap after
{Heap after GC invocations=23 (full 0):
 garbage-first heap   total 59392K, used 21932K [0x0000000081c00000, 0x0000000100000000)
  region size 1024K, 2 young (2048K), 2 survivors (2048K)
 Metaspace       used 45361K, capacity 46556K, committed 46876K, reserved 1089536K
  class space    used 5975K, capacity 6441K, committed 6528K, reserved 1048576K
}
Event: 688.902 GC heap before
{Heap before GC invocations=23 (full 0):
 garbage-first heap   total 59392K, used 42412K [0x0000000081c00000, 0x0000000100000000)
  region size 1024K, 22 young (22528K), 2 survivors (2048K)
 Metaspace       used 45488K, capacity 46684K, committed 46876K, reserved 1089536K
  class space    used 5975K, capacity 6441K, committed 6528K, reserved 1048576K
}
Event: 688.906 GC heap after
{Heap after GC invocations=24 (full 0):
 garbage-first heap   total 59392K, used 22023K [0x0000000081c00000, 0x0000000100000000)
  region size 1024K, 1 young (1024K), 1 survivors (1024K)
 Metaspace       used 45488K, capacity 46684K, committed 46876K, reserved 1089536K
  class space    used 5975K, capacity 6441K, committed 6528K, reserved 1048576K
}
Event: 1349.025 GC heap before
{Heap before GC invocations=24 (full 0):
 garbage-first heap   total 59392K, used 43527K [0x0000000081c00000, 0x0000000100000000)
  region size 1024K, 22 young (22528K), 1 survivors (1024K)
 Metaspace       used 45504K, capacity 46684K, committed 46876K, reserved 1089536K
  class space    used 5975K, capacity 6441K, committed 6528K, reserved 1048576K
}
Event: 1349.038 GC heap after
{Heap after GC invocations=25 (full 0):
 garbage-first heap   total 59392K, used 21948K [0x0000000081c00000, 0x0000000100000000)
  region size 1024K, 1 young (1024K), 1 survivors (1024K)
 Metaspace       used 45504K, capacity 46684K, committed 46876K, reserved 1089536K
  class space    used 5975K, capacity 6441K, committed 6528K, reserved 1048576K
}

